<?xml version="1.0" encoding="UTF-8"?>
<!-- Generated by org.testng.reporters.JUnitReportReporter -->
<testsuite skipped="0" hostname="chaithanya-thinkpad-x1-carbon-3rd" name="stage.msiteCartModel" tests="7" failures="0" timestamp="04 Oct 2019 05:12:37 GMT" time="21.665" errors="0">
  <testcase name="setLocation" time="5.520" classname="stage.msiteCartModel"/>
  <testcase name="beautyServices" time="3.912" classname="stage.msiteCartModel"/>
  <testcase name="intermediateScreen" time="1.515" classname="stage.msiteCartModel"/>
  <testcase name="requirementScreen" time="5.170" classname="stage.msiteCartModel"/>
  <testcase name="vendorlistScreen" time="2.377" classname="stage.msiteCartModel"/>
  <testcase name="menuSelection" time="3.128" classname="stage.msiteCartModel"/>
  <testcase name="orderReviewScreen" time="0.043" classname="stage.msiteCartModel"/>
</testsuite> <!-- stage.msiteCartModel -->
