<?xml version="1.0" encoding="UTF-8"?>
<!-- Generated by org.testng.reporters.JUnitReportReporter -->
<testsuite skipped="0" hostname="chaithanya-thinkpad-x1-carbon-3rd" name="stage.msiteQuickModel" tests="8" failures="0" timestamp="04 Oct 2019 05:27:42 GMT" time="47.968" errors="0">
  <testcase name="setLocation" time="6.412" classname="stage.msiteQuickModel"/>
  <testcase name="electriciansCategory" time="3.663" classname="stage.msiteQuickModel"/>
  <testcase name="formFillInterScreen" time="5.600" classname="stage.msiteQuickModel"/>
  <testcase name="contactDetails" time="7.798" classname="stage.msiteQuickModel"/>
  <testcase name="orderReviewScreen" time="8.461" classname="stage.msiteQuickModel"/>
  <testcase name="weddingPhotography" time="6.099" classname="stage.msiteQuickModel"/>
  <testcase name="requirementScreen" time="7.693" classname="stage.msiteQuickModel"/>
  <testcase name="vendorlistScreen" time="2.242" classname="stage.msiteQuickModel"/>
</testsuite> <!-- stage.msiteQuickModel -->
