<?xml version="1.0" encoding="UTF-8"?>
<!-- Generated by org.testng.reporters.JUnitReportReporter -->
<testsuite skipped="0" hostname="chaithanya-ThinkPad-X220" name="stage.productModel" tests="6" failures="0" timestamp="22 Jun 2019 11:50:41 GMT" time="18.616" errors="0">
  <testcase name="setLocation" time="4.689" classname="stage.productModel"/>
  <testcase name="searchCakeDelivery" time="6.722" classname="stage.productModel"/>
  <testcase name="requirementPage" time="2.392" classname="stage.productModel"/>
  <testcase name="productSelection" time="1.145" classname="stage.productModel"/>
  <testcase name="quantityOfProduct" time="3.619" classname="stage.productModel"/>
  <testcase name="orderreview" time="0.049" classname="stage.productModel"/>
</testsuite> <!-- stage.productModel -->
