<?xml version="1.0" encoding="UTF-8"?>
<!-- Generated by org.testng.reporters.JUnitReportReporter -->
<testsuite skipped="0" hostname="chaithanya-ThinkPad-X220" name="stage.packageModel" tests="5" failures="0" timestamp="19 Jun 2019 08:17:04 GMT" time="12.910" errors="0">
  <testcase name="setLocation" time="4.138" classname="stage.packageModel"/>
  <testcase name="searchForSofaCleaning" time="4.864" classname="stage.packageModel"/>
  <testcase name="requirementScreen" time="2.637" classname="stage.packageModel"/>
  <testcase name="vendorListScreen" time="1.213" classname="stage.packageModel"/>
  <testcase name="orderReviewScreen" time="0.058" classname="stage.packageModel"/>
</testsuite> <!-- stage.packageModel -->
