<?xml version="1.0" encoding="UTF-8"?>
<!-- Generated by org.testng.reporters.JUnitReportReporter -->
<testsuite skipped="0" hostname="chaithanya-ThinkPad-X220" name="stage.msiteProductModel" tests="6" failures="0" timestamp="27 Jun 2019 12:01:21 GMT" time="16.863" errors="0">
  <testcase name="setLocation" time="6.181" classname="stage.msiteProductModel"/>
  <testcase name="cakeDelivery" time="4.582" classname="stage.msiteProductModel"/>
  <testcase name="requirementScreen" time="2.684" classname="stage.msiteProductModel"/>
  <testcase name="productSelection" time="1.244" classname="stage.msiteProductModel"/>
  <testcase name="quatitySelection" time="2.105" classname="stage.msiteProductModel"/>
  <testcase name="orderReviewScreen" time="0.067" classname="stage.msiteProductModel"/>
</testsuite> <!-- stage.msiteProductModel -->
