<?xml version="1.0" encoding="UTF-8"?>
<!-- Generated by org.testng.reporters.JUnitReportReporter -->
<testsuite skipped="0" hostname="chaithanya-thinkpad-x1-carbon-3rd" name="stage.contactModel" tests="6" failures="0" timestamp="25 Sep 2019 05:39:22 GMT" time="23.775" errors="0">
  <testcase name="setLocation" time="4.938" classname="stage.contactModel"/>
  <testcase name="SearchcontactModel" time="8.307" classname="stage.contactModel"/>
  <testcase name="intermediateScreen" time="2.034" classname="stage.contactModel"/>
  <testcase name="requirementScreen" time="5.455" classname="stage.contactModel"/>
  <testcase name="vendorlistScren" time="2.970" classname="stage.contactModel"/>
  <testcase name="reviewScreen" time="0.071" classname="stage.contactModel"/>
</testsuite> <!-- stage.contactModel -->
