<?xml version="1.0" encoding="UTF-8"?>
<!-- Generated by org.testng.reporters.JUnitReportReporter -->
<testsuite skipped="0" hostname="chaithanya-thinkpad-x1-carbon-3rd" name="stage.mobilerecharge" tests="2" failures="0" timestamp="04 Oct 2019 05:28:56 GMT" time="11.746" errors="0">
  <testcase name="rechargelink" time="9.896" classname="stage.mobilerecharge"/>
  <testcase name="login" time="1.850" classname="stage.mobilerecharge"/>
</testsuite> <!-- stage.mobilerecharge -->
