<?xml version="1.0" encoding="UTF-8"?>
<!-- Generated by org.testng.reporters.JUnitReportReporter -->
<testsuite skipped="0" hostname="chaithanya-ThinkPad-X220" name="stage.msiteContactModel" tests="6" failures="0" timestamp="27 Jun 2019 11:11:35 GMT" time="16.488" errors="0">
  <testcase name="setLocation" time="6.113" classname="stage.msiteContactModel"/>
  <testcase name="searchDrivingSchool" time="3.128" classname="stage.msiteContactModel"/>
  <testcase name="intermediateScreen" time="2.200" classname="stage.msiteContactModel"/>
  <testcase name="requirementScreen" time="2.220" classname="stage.msiteContactModel"/>
  <testcase name="vendorListScreen" time="2.772" classname="stage.msiteContactModel"/>
  <testcase name="orderReviewScreen" time="0.055" classname="stage.msiteContactModel"/>
</testsuite> <!-- stage.msiteContactModel -->
