<?xml version="1.0" encoding="UTF-8"?>
<!-- Generated by org.testng.reporters.JUnitReportReporter -->
<testsuite skipped="0" hostname="chaithanya-ThinkPad-X220" name="stage.msitePackageModel" tests="7" failures="0" timestamp="27 Jun 2019 05:56:06 GMT" time="19.725" errors="0">
  <testcase name="setLocation" time="5.747" classname="stage.msitePackageModel"/>
  <testcase name="searchBathroomCleaning" time="4.049" classname="stage.msitePackageModel"/>
  <testcase name="intermediateScreen" time="2.549" classname="stage.msitePackageModel"/>
  <testcase name="requirementScreen" time="2.142" classname="stage.msitePackageModel"/>
  <testcase name="quantitySelection" time="2.665" classname="stage.msitePackageModel"/>
  <testcase name="vendorListScreen" time="2.521" classname="stage.msitePackageModel"/>
  <testcase name="orderReviewScreen" time="0.052" classname="stage.msitePackageModel"/>
</testsuite> <!-- stage.msitePackageModel -->
