<?xml version="1.0" encoding="UTF-8"?>
<!-- Generated by org.testng.reporters.JUnitReportReporter -->
<testsuite skipped="0" hostname="chaithanya-ThinkPad-X220" name="stage.msiteQuickModel" tests="5" failures="0" timestamp="27 Jun 2019 04:23:47 GMT" time="17.398" errors="0">
  <testcase name="setLocation" time="6.002" classname="stage.msiteQuickModel"/>
  <testcase name="electriciansCategory" time="3.542" classname="stage.msiteQuickModel"/>
  <testcase name="formFillInterScreen" time="4.103" classname="stage.msiteQuickModel"/>
  <testcase name="contactDetails" time="2.576" classname="stage.msiteQuickModel"/>
  <testcase name="orderReviewScreen" time="1.175" classname="stage.msiteQuickModel"/>
</testsuite> <!-- stage.msiteQuickModel -->
