<?xml version="1.0" encoding="UTF-8"?>
<!-- Generated by org.testng.reporters.JUnitReportReporter -->
<testsuite skipped="0" hostname="chaithanya-thinkpad-x1-carbon-3rd" name="stage.msitePackageModel" tests="7" failures="0" timestamp="04 Oct 2019 05:05:37 GMT" time="22.867" errors="0">
  <testcase name="setLocation" time="5.514" classname="stage.msitePackageModel"/>
  <testcase name="searchBathroomCleaning" time="3.870" classname="stage.msitePackageModel"/>
  <testcase name="intermediateScreen" time="3.416" classname="stage.msitePackageModel"/>
  <testcase name="requirementScreen" time="5.211" classname="stage.msitePackageModel"/>
  <testcase name="quantitySelection" time="2.479" classname="stage.msitePackageModel"/>
  <testcase name="vendorListScreen" time="2.341" classname="stage.msitePackageModel"/>
  <testcase name="orderReviewScreen" time="0.036" classname="stage.msitePackageModel"/>
</testsuite> <!-- stage.msitePackageModel -->
