<?xml version="1.0" encoding="UTF-8"?>
<!-- Generated by org.testng.reporters.JUnitReportReporter -->
<testsuite skipped="0" hostname="chaithanya-thinkpad-x1-carbon-3rd" name="stage.msiteContactModel" tests="6" failures="0" timestamp="22 Aug 2019 10:16:33 GMT" time="14.582" errors="0">
  <testcase name="setLocation" time="5.571" classname="stage.msiteContactModel"/>
  <testcase name="searchDrivingSchool" time="2.914" classname="stage.msiteContactModel"/>
  <testcase name="intermediateScreen" time="1.688" classname="stage.msiteContactModel"/>
  <testcase name="requirementScreen" time="1.988" classname="stage.msiteContactModel"/>
  <testcase name="vendorListScreen" time="2.376" classname="stage.msiteContactModel"/>
  <testcase name="orderReviewScreen" time="0.045" classname="stage.msiteContactModel"/>
</testsuite> <!-- stage.msiteContactModel -->
