<?xml version="1.0" encoding="UTF-8"?>
<!-- Generated by org.testng.reporters.JUnitReportReporter -->
<testsuite skipped="0" hostname="chaithanya-ThinkPad-X220" name="stage.NewTest" tests="5" failures="0" timestamp="18 Jun 2019 09:05:45 GMT" time="14.919" errors="0">
  <testcase name="set_location" time="4.661" classname="stage.NewTest"/>
  <testcase name="select_category" time="1.114" classname="stage.NewTest"/>
  <testcase name="select_requirement" time="4.721" classname="stage.NewTest"/>
  <testcase name="contact_details" time="4.341" classname="stage.NewTest"/>
  <testcase name="orderReview" time="0.082" classname="stage.NewTest"/>
</testsuite> <!-- stage.NewTest -->
