<?xml version="1.0" encoding="UTF-8"?>
<!-- Generated by org.testng.reporters.JUnitReportReporter -->
<testsuite skipped="0" hostname="chaithanya-thinkpad-x1-carbon-3rd" name="stage.contactModel" tests="1" failures="0" timestamp="03 Sep 2019 11:32:46 GMT" time="4.932" errors="0">
  <testcase name="setLocation" time="4.932" classname="stage.contactModel"/>
</testsuite> <!-- stage.contactModel -->
