<?xml version="1.0" encoding="UTF-8"?>
<!-- Generated by org.testng.reporters.JUnitReportReporter -->
<testsuite skipped="0" hostname="chaithanya-ThinkPad-X220" name="stage.msiteQuickModel" tests="5" failures="0" timestamp="26 Jun 2019 12:32:25 GMT" time="18.987" errors="0">
  <testcase name="setLocation" time="5.777" classname="stage.msiteQuickModel"/>
  <testcase name="electriciansCategory" time="3.502" classname="stage.msiteQuickModel"/>
  <testcase name="formFillInterScreen" time="4.535" classname="stage.msiteQuickModel"/>
  <testcase name="contactDetails" time="2.614" classname="stage.msiteQuickModel"/>
  <testcase name="orderReviewScreen" time="2.559" classname="stage.msiteQuickModel"/>
</testsuite> <!-- stage.msiteQuickModel -->
