<?xml version="1.0" encoding="UTF-8"?>
<!-- Generated by org.testng.reporters.JUnitReportReporter -->
<testsuite skipped="0" hostname="chaithanya-thinkpad-x1-carbon-3rd" name="stage.msiteLandingPageRedesign" tests="9" failures="0" timestamp="20 Nov 2019 03:43:38 GMT" time="106.710" errors="0">
  <testcase name="setLocation" time="6.485" classname="stage.msiteLandingPageRedesign"/>
  <testcase name="searchCategory" time="7.210" classname="stage.msiteLandingPageRedesign"/>
  <testcase name="dateTimeicon" time="1.266" classname="stage.msiteLandingPageRedesign"/>
  <testcase name="requirementselect" time="4.008" classname="stage.msiteLandingPageRedesign"/>
  <testcase name="provideDetails_screen" time="7.746" classname="stage.msiteLandingPageRedesign"/>
  <testcase name="reveiwRequest_screen" time="1.710" classname="stage.msiteLandingPageRedesign"/>
  <testcase name="ConfirmOtp_verify" time="3.700" classname="stage.msiteLandingPageRedesign"/>
  <testcase name="verify_backbutton" time="6.589" classname="stage.msiteLandingPageRedesign"/>
  <testcase name="invalidOtp_resendotp" time="67.996" classname="stage.msiteLandingPageRedesign"/>
</testsuite> <!-- stage.msiteLandingPageRedesign -->
