<?xml version="1.0" encoding="UTF-8"?>
<!-- Generated by org.testng.reporters.JUnitReportReporter -->
<testsuite skipped="0" hostname="chaithanya-ThinkPad-X220" name="stage.Testingpurpose" tests="5" failures="0" timestamp="18 Jun 2019 05:41:41 GMT" time="14.203" errors="0">
  <testcase name="set_location" time="2.712" classname="stage.Testingpurpose"/>
  <testcase name="select_category" time="0.149" classname="stage.Testingpurpose"/>
  <testcase name="select_requirement" time="6.524" classname="stage.Testingpurpose"/>
  <testcase name="contact_details" time="4.707" classname="stage.Testingpurpose"/>
  <testcase name="orderReview" time="0.111" classname="stage.Testingpurpose"/>
</testsuite> <!-- stage.Testingpurpose -->
