<?xml version="1.0" encoding="UTF-8"?>
<!-- Generated by org.testng.reporters.JUnitReportReporter -->
<testsuite skipped="0" hostname="chaithanya-thinkpad-x1-carbon-3rd" name="stage.landingPageRedesignWeb" tests="7" failures="0" timestamp="14 Nov 2019 12:47:06 GMT" time="21.041" errors="0">
  <testcase name="set_location" time="3.947" classname="stage.landingPageRedesignWeb"/>
  <testcase name="check_pricechart" time="3.577" classname="stage.landingPageRedesignWeb"/>
  <testcase name="dateTimeicon" time="0.567" classname="stage.landingPageRedesignWeb"/>
  <testcase name="requirementselect" time="5.694" classname="stage.landingPageRedesignWeb"/>
  <testcase name="provideDetails_screen" time="4.931" classname="stage.landingPageRedesignWeb"/>
  <testcase name="reveiwRequest_screen" time="2.199" classname="stage.landingPageRedesignWeb"/>
  <testcase name="ConfirmOtp_verify" time="0.126" classname="stage.landingPageRedesignWeb"/>
</testsuite> <!-- stage.landingPageRedesignWeb -->
