<?xml version="1.0" encoding="UTF-8"?>
<!-- Generated by org.testng.reporters.JUnitReportReporter -->
<testsuite skipped="0" hostname="chaithanya-thinkpad-x1-carbon-3rd" name="stage.msiteLandingPageRedesign" tests="9" failures="0" timestamp="16 Nov 2019 10:41:46 GMT" time="102.553" errors="0">
  <testcase name="setLocation" time="5.981" classname="stage.msiteLandingPageRedesign"/>
  <testcase name="electriciansCategory" time="5.372" classname="stage.msiteLandingPageRedesign"/>
  <testcase name="dateTimeicon" time="1.109" classname="stage.msiteLandingPageRedesign"/>
  <testcase name="requirementselect" time="4.071" classname="stage.msiteLandingPageRedesign"/>
  <testcase name="provideDetails_screen" time="7.820" classname="stage.msiteLandingPageRedesign"/>
  <testcase name="reveiwRequest_screen" time="1.705" classname="stage.msiteLandingPageRedesign"/>
  <testcase name="ConfirmOtp_verify" time="3.656" classname="stage.msiteLandingPageRedesign"/>
  <testcase name="verify_backbutton" time="6.636" classname="stage.msiteLandingPageRedesign"/>
  <testcase name="invalidOtp_resendotp" time="66.203" classname="stage.msiteLandingPageRedesign"/>
</testsuite> <!-- stage.msiteLandingPageRedesign -->
