<?xml version="1.0" encoding="UTF-8"?>
<!-- Generated by org.testng.reporters.JUnitReportReporter -->
<testsuite skipped="0" hostname="chaithanya-thinkpad-x1-carbon-3rd" name="stage.msiteProductModel" tests="1" failures="0" timestamp="31 Aug 2019 06:46:58 GMT" time="5.715" errors="0">
  <testcase name="setLocation" time="5.715" classname="stage.msiteProductModel"/>
</testsuite> <!-- stage.msiteProductModel -->
