<?xml version="1.0" encoding="UTF-8"?>
<!-- Generated by org.testng.reporters.JUnitReportReporter -->
<testsuite skipped="0" hostname="chaithanya-thinkpad-x1-carbon-3rd" name="stage.msiteCartModel" tests="1" failures="0" timestamp="16 Jul 2019 11:31:36 GMT" time="5.578" errors="0">
  <testcase name="setLocation" time="5.578" classname="stage.msiteCartModel"/>
</testsuite> <!-- stage.msiteCartModel -->
