<?xml version="1.0" encoding="UTF-8"?>
<!-- Generated by org.testng.reporters.JUnitReportReporter -->
<testsuite skipped="0" hostname="chaithanya-ThinkPad-X220" name="stage.cartModel" tests="7" failures="0" timestamp="24 Jun 2019 07:06:01 GMT" time="21.034" errors="0">
  <testcase name="setLocation" time="5.081" classname="stage.cartModel"/>
  <testcase name="searchBeautyServices" time="6.572" classname="stage.cartModel"/>
  <testcase name="intermediateScreen" time="2.965" classname="stage.cartModel"/>
  <testcase name="requirementScreen" time="1.631" classname="stage.cartModel"/>
  <testcase name="vendorlistScreen" time="1.136" classname="stage.cartModel"/>
  <testcase name="selectionOfMenu" time="3.595" classname="stage.cartModel"/>
  <testcase name="orderreview" time="0.054" classname="stage.cartModel"/>
</testsuite> <!-- stage.cartModel -->
