<?xml version="1.0" encoding="UTF-8"?>
<!-- Generated by org.testng.reporters.JUnitReportReporter -->
<testsuite skipped="0" hostname="chaithanya-ThinkPad-X220" name="stage.NewTest" tests="5" failures="0" timestamp="22 Jun 2019 09:56:10 GMT" time="18.894" errors="0">
  <testcase name="set_location" time="4.195" classname="stage.NewTest"/>
  <testcase name="select_category" time="1.206" classname="stage.NewTest"/>
  <testcase name="select_requirement" time="6.915" classname="stage.NewTest"/>
  <testcase name="contact_details" time="4.280" classname="stage.NewTest"/>
  <testcase name="orderReview" time="2.298" classname="stage.NewTest"/>
</testsuite> <!-- stage.NewTest -->
