<?xml version="1.0" encoding="UTF-8"?>
<!-- Generated by org.testng.reporters.JUnitReportReporter -->
<testsuite skipped="0" hostname="chaithanya-thinkpad-x1-carbon-3rd" name="stage.msitePackageModel" tests="7" failures="0" timestamp="22 Aug 2019 10:48:56 GMT" time="18.422" errors="0">
  <testcase name="setLocation" time="5.490" classname="stage.msitePackageModel"/>
  <testcase name="searchBathroomCleaning" time="3.916" classname="stage.msitePackageModel"/>
  <testcase name="intermediateScreen" time="2.145" classname="stage.msitePackageModel"/>
  <testcase name="requirementScreen" time="1.987" classname="stage.msitePackageModel"/>
  <testcase name="quantitySelection" time="2.472" classname="stage.msitePackageModel"/>
  <testcase name="vendorListScreen" time="2.373" classname="stage.msitePackageModel"/>
  <testcase name="orderReviewScreen" time="0.039" classname="stage.msitePackageModel"/>
</testsuite> <!-- stage.msitePackageModel -->
