<?xml version="1.0" encoding="UTF-8"?>
<!-- Generated by org.testng.reporters.JUnitReportReporter -->
<testsuite skipped="0" hostname="chaithanya-thinkpad-x1-carbon-3rd" name="stage.msiteProductModel" tests="6" failures="0" timestamp="04 Oct 2019 05:17:50 GMT" time="18.487" errors="0">
  <testcase name="setLocation" time="5.699" classname="stage.msiteProductModel"/>
  <testcase name="cakeDelivery" time="4.104" classname="stage.msiteProductModel"/>
  <testcase name="requirementScreen" time="5.479" classname="stage.msiteProductModel"/>
  <testcase name="productSelection" time="1.222" classname="stage.msiteProductModel"/>
  <testcase name="quatitySelection" time="1.932" classname="stage.msiteProductModel"/>
  <testcase name="orderReviewScreen" time="0.051" classname="stage.msiteProductModel"/>
</testsuite> <!-- stage.msiteProductModel -->
