<?xml version="1.0" encoding="UTF-8"?>
<!-- Generated by org.testng.reporters.JUnitReportReporter -->
<testsuite skipped="0" hostname="chaithanya-thinkpad-x1-carbon-3rd" name="stage.HomescreenTestcases" tests="12" failures="0" timestamp="20 Nov 2019 06:37:36 GMT" time="7.532" errors="0">
  <testcase name="headerbar_verify" time="0.153" classname="stage.HomescreenTestcases"/>
  <testcase name="set_location" time="5.280" classname="stage.HomescreenTestcases"/>
  <testcase name="homebaroptions" time="0.216" classname="stage.HomescreenTestcases"/>
  <testcase name="homebanner_check" time="0.028" classname="stage.HomescreenTestcases"/>
  <testcase name="home_recharge_check" time="0.264" classname="stage.HomescreenTestcases"/>
  <testcase name="trending_services" time="0.253" classname="stage.HomescreenTestcases"/>
  <testcase name="whats_happening_around" time="0.159" classname="stage.HomescreenTestcases"/>
  <testcase name="howTo_useBro4u" time="0.098" classname="stage.HomescreenTestcases"/>
  <testcase name="why_bro4u" time="0.184" classname="stage.HomescreenTestcases"/>
  <testcase name="download_applink" time="0.288" classname="stage.HomescreenTestcases"/>
  <testcase name="listAs_partner" time="0.093" classname="stage.HomescreenTestcases"/>
  <testcase name="footer_links" time="0.516" classname="stage.HomescreenTestcases"/>
</testsuite> <!-- stage.HomescreenTestcases -->
