<?xml version="1.0" encoding="UTF-8"?>
<!-- Generated by org.testng.reporters.JUnitReportReporter -->
<testsuite skipped="0" hostname="chaithanya-thinkpad-x1-carbon-3rd" name="stage.productModel" tests="6" failures="0" timestamp="25 Sep 2019 05:06:58 GMT" time="19.238" errors="0">
  <testcase name="setLocation" time="4.627" classname="stage.productModel"/>
  <testcase name="searchCakeDelivery" time="5.337" classname="stage.productModel"/>
  <testcase name="requirementPage" time="4.737" classname="stage.productModel"/>
  <testcase name="productSelection" time="1.113" classname="stage.productModel"/>
  <testcase name="quantityOfProduct" time="3.387" classname="stage.productModel"/>
  <testcase name="orderreview" time="0.037" classname="stage.productModel"/>
</testsuite> <!-- stage.productModel -->
