<?xml version="1.0" encoding="UTF-8"?>
<!-- Generated by org.testng.reporters.JUnitReportReporter -->
<testsuite skipped="0" hostname="chaithanya-thinkpad-x1-carbon-3rd" name="stage.landingPageRedesignWeb" tests="9" failures="0" timestamp="15 Nov 2019 10:39:31 GMT" time="100.368" errors="0">
  <testcase name="set_location" time="4.513" classname="stage.landingPageRedesignWeb"/>
  <testcase name="check_pricechart" time="4.029" classname="stage.landingPageRedesignWeb"/>
  <testcase name="dateTimeicon" time="1.085" classname="stage.landingPageRedesignWeb"/>
  <testcase name="requirementselect" time="5.439" classname="stage.landingPageRedesignWeb"/>
  <testcase name="provideDetails_screen" time="5.208" classname="stage.landingPageRedesignWeb"/>
  <testcase name="reveiwRequest_screen" time="2.201" classname="stage.landingPageRedesignWeb"/>
  <testcase name="ConfirmOtp_verify" time="4.998" classname="stage.landingPageRedesignWeb"/>
  <testcase name="verify_backbutton" time="3.979" classname="stage.landingPageRedesignWeb"/>
  <testcase name="invalidOtp_resendotp" time="68.916" classname="stage.landingPageRedesignWeb"/>
</testsuite> <!-- stage.landingPageRedesignWeb -->
