<?xml version="1.0" encoding="UTF-8"?>
<!-- Generated by org.testng.reporters.JUnitReportReporter -->
<testsuite skipped="0" hostname="chaithanya-thinkpad-x1-carbon-3rd" name="stage.packageModel" tests="5" failures="0" timestamp="22 Aug 2019 10:15:16 GMT" time="13.745" errors="0">
  <testcase name="setLocation" time="4.426" classname="stage.packageModel"/>
  <testcase name="searchForSofaCleaning" time="5.648" classname="stage.packageModel"/>
  <testcase name="requirementScreen" time="2.415" classname="stage.packageModel"/>
  <testcase name="vendorListScreen" time="1.211" classname="stage.packageModel"/>
  <testcase name="orderReviewScreen" time="0.045" classname="stage.packageModel"/>
</testsuite> <!-- stage.packageModel -->
