<?xml version="1.0" encoding="UTF-8"?>
<!-- Generated by org.testng.reporters.JUnitReportReporter -->
<testsuite skipped="0" hostname="chaithanya-thinkpad-x1-carbon-3rd" name="stage.HomescreenTestcases" tests="12" failures="0" timestamp="20 Nov 2019 06:29:36 GMT" time="7.495" errors="0">
  <testcase name="headerbar_verify" time="0.129" classname="stage.HomescreenTestcases"/>
  <testcase name="set_location" time="5.296" classname="stage.HomescreenTestcases"/>
  <testcase name="homebaroptions" time="0.219" classname="stage.HomescreenTestcases"/>
  <testcase name="homebanner_check" time="0.029" classname="stage.HomescreenTestcases"/>
  <testcase name="home_recharge_check" time="0.282" classname="stage.HomescreenTestcases"/>
  <testcase name="trending_services" time="0.238" classname="stage.HomescreenTestcases"/>
  <testcase name="whats_happening_around" time="0.158" classname="stage.HomescreenTestcases"/>
  <testcase name="howTo_useBro4u" time="0.112" classname="stage.HomescreenTestcases"/>
  <testcase name="why_bro4u" time="0.184" classname="stage.HomescreenTestcases"/>
  <testcase name="download_applink" time="0.261" classname="stage.HomescreenTestcases"/>
  <testcase name="listAs_partner" time="0.085" classname="stage.HomescreenTestcases"/>
  <testcase name="footer_links" time="0.502" classname="stage.HomescreenTestcases"/>
</testsuite> <!-- stage.HomescreenTestcases -->
