<?xml version="1.0" encoding="UTF-8"?>
<!-- Generated by org.testng.reporters.JUnitReportReporter -->
<testsuite skipped="0" hostname="chaithanya-ThinkPad-X220" name="stage.packageModel" tests="5" failures="0" timestamp="22 Jun 2019 11:29:06 GMT" time="14.171" errors="0">
  <testcase name="setLocation" time="4.716" classname="stage.packageModel"/>
  <testcase name="searchForSofaCleaning" time="5.260" classname="stage.packageModel"/>
  <testcase name="requirementScreen" time="2.786" classname="stage.packageModel"/>
  <testcase name="vendorListScreen" time="1.333" classname="stage.packageModel"/>
  <testcase name="orderReviewScreen" time="0.076" classname="stage.packageModel"/>
</testsuite> <!-- stage.packageModel -->
