<?xml version="1.0" encoding="UTF-8"?>
<!-- Generated by org.testng.reporters.JUnitReportReporter -->
<testsuite skipped="0" hostname="chaithanya-ThinkPad-X220" name="stage.msiteCartModel" tests="7" failures="0" timestamp="28 Jun 2019 04:36:45 GMT" time="19.749" errors="0">
  <testcase name="setLocation" time="5.781" classname="stage.msiteCartModel"/>
  <testcase name="beautyServices" time="4.084" classname="stage.msiteCartModel"/>
  <testcase name="intermediateScreen" time="2.162" classname="stage.msiteCartModel"/>
  <testcase name="requirementScreen" time="1.986" classname="stage.msiteCartModel"/>
  <testcase name="vendorlistScreen" time="2.474" classname="stage.msiteCartModel"/>
  <testcase name="orderReviewScreen" time="0.049" classname="stage.msiteCartModel"/>
  <testcase name="menuSelection" time="3.213" classname="stage.msiteCartModel"/>
</testsuite> <!-- stage.msiteCartModel -->
