<?xml version="1.0" encoding="UTF-8"?>
<!-- Generated by org.testng.reporters.JUnitReportReporter -->
<testsuite skipped="0" hostname="chaithanya-thinkpad-x1-carbon-3rd" name="stage.packageModel" tests="5" failures="0" timestamp="25 Sep 2019 05:00:07 GMT" time="14.279" errors="0">
  <testcase name="setLocation" time="4.439" classname="stage.packageModel"/>
  <testcase name="searchForSofaCleaning" time="4.039" classname="stage.packageModel"/>
  <testcase name="requirementScreen" time="4.545" classname="stage.packageModel"/>
  <testcase name="vendorListScreen" time="1.221" classname="stage.packageModel"/>
  <testcase name="orderReviewScreen" time="0.035" classname="stage.packageModel"/>
</testsuite> <!-- stage.packageModel -->
