<?xml version="1.0" encoding="UTF-8"?>
<!-- Generated by org.testng.reporters.JUnitReportReporter -->
<testsuite skipped="0" hostname="chaithanya-thinkpad-x1-carbon-3rd" name="stage.cartModel" tests="7" failures="0" timestamp="25 Sep 2019 05:41:04 GMT" time="27.516" errors="0">
  <testcase name="setLocation" time="5.383" classname="stage.cartModel"/>
  <testcase name="searchBeautyServices" time="7.526" classname="stage.cartModel"/>
  <testcase name="intermediateScreen" time="4.904" classname="stage.cartModel"/>
  <testcase name="requirementScreen" time="4.390" classname="stage.cartModel"/>
  <testcase name="vendorlistScreen" time="1.281" classname="stage.cartModel"/>
  <testcase name="selectionOfMenu" time="3.948" classname="stage.cartModel"/>
  <testcase name="orderreview" time="0.084" classname="stage.cartModel"/>
</testsuite> <!-- stage.cartModel -->
