<?xml version="1.0" encoding="UTF-8"?>
<!-- Generated by org.testng.reporters.JUnitReportReporter -->
<testsuite skipped="0" hostname="chaithanya-thinkpad-x1-carbon-3rd" name="stage.msiteContactModel" tests="6" failures="0" timestamp="04 Oct 2019 05:07:47 GMT" time="17.493" errors="0">
  <testcase name="setLocation" time="5.486" classname="stage.msiteContactModel"/>
  <testcase name="searchDrivingSchool" time="2.919" classname="stage.msiteContactModel"/>
  <testcase name="intermediateScreen" time="1.556" classname="stage.msiteContactModel"/>
  <testcase name="requirementScreen" time="4.985" classname="stage.msiteContactModel"/>
  <testcase name="vendorListScreen" time="2.498" classname="stage.msiteContactModel"/>
  <testcase name="orderReviewScreen" time="0.049" classname="stage.msiteContactModel"/>
</testsuite> <!-- stage.msiteContactModel -->
