<?xml version="1.0" encoding="UTF-8"?>
<!-- Generated by org.testng.reporters.JUnitReportReporter -->
<testsuite skipped="0" hostname="chaithanya-ThinkPad-X220" name="stage.contactModel" tests="6" failures="0" timestamp="22 Jun 2019 11:37:32 GMT" time="19.820" errors="0">
  <testcase name="setLocation" time="4.683" classname="stage.contactModel"/>
  <testcase name="SearchcontactModel" time="6.938" classname="stage.contactModel"/>
  <testcase name="intermediateScreen" time="2.368" classname="stage.contactModel"/>
  <testcase name="requirementScreen" time="3.042" classname="stage.contactModel"/>
  <testcase name="vendorlistScren" time="2.697" classname="stage.contactModel"/>
  <testcase name="reviewScreen" time="0.092" classname="stage.contactModel"/>
</testsuite> <!-- stage.contactModel -->
