<?xml version="1.0" encoding="UTF-8"?>
<!-- Generated by org.testng.reporters.JUnitReportReporter -->
<testsuite skipped="0" hostname="chaithanya-thinkpad-x1-carbon-3rd" name="stage.productModel" tests="6" failures="0" timestamp="22 Aug 2019 10:23:43 GMT" time="18.775" errors="0">
  <testcase name="setLocation" time="4.759" classname="stage.productModel"/>
  <testcase name="searchCakeDelivery" time="6.958" classname="stage.productModel"/>
  <testcase name="requirementPage" time="2.312" classname="stage.productModel"/>
  <testcase name="productSelection" time="1.155" classname="stage.productModel"/>
  <testcase name="quantityOfProduct" time="3.486" classname="stage.productModel"/>
  <testcase name="orderreview" time="0.105" classname="stage.productModel"/>
</testsuite> <!-- stage.productModel -->
