<?xml version="1.0" encoding="UTF-8"?>
<!-- Generated by org.testng.reporters.JUnitReportReporter -->
<testsuite skipped="0" hostname="chaithanya-ThinkPad-X220" name="stage.NewTest" tests="8" failures="0" timestamp="29 Jun 2019 10:03:54 GMT" time="29.465" errors="0">
  <testcase name="set_location" time="4.212" classname="stage.NewTest"/>
  <testcase name="select_category" time="1.148" classname="stage.NewTest"/>
  <testcase name="select_requirement" time="5.537" classname="stage.NewTest"/>
  <testcase name="contact_details" time="4.381" classname="stage.NewTest"/>
  <testcase name="orderReview" time="2.440" classname="stage.NewTest"/>
  <testcase name="weddingPhotography" time="5.344" classname="stage.NewTest"/>
  <testcase name="requireScreen" time="3.880" classname="stage.NewTest"/>
  <testcase name="vendorlistScreen" time="2.523" classname="stage.NewTest"/>
</testsuite> <!-- stage.NewTest -->
