<?xml version="1.0" encoding="UTF-8"?>
<!-- Generated by org.testng.reporters.JUnitReportReporter -->
<testsuite skipped="0" hostname="chaithanya-thinkpad-x1-carbon-3rd" name="stage.msiteQuickModel" tests="8" failures="0" timestamp="22 Aug 2019 10:32:01 GMT" time="50.666" errors="0">
  <testcase name="setLocation" time="6.898" classname="stage.msiteQuickModel"/>
  <testcase name="electriciansCategory" time="4.268" classname="stage.msiteQuickModel"/>
  <testcase name="formFillInterScreen" time="8.483" classname="stage.msiteQuickModel"/>
  <testcase name="contactDetails" time="5.436" classname="stage.msiteQuickModel"/>
  <testcase name="orderReviewScreen" time="8.645" classname="stage.msiteQuickModel"/>
  <testcase name="weddingPhotography" time="8.907" classname="stage.msiteQuickModel"/>
  <testcase name="requirementScreen" time="5.615" classname="stage.msiteQuickModel"/>
  <testcase name="vendorlistScreen" time="2.414" classname="stage.msiteQuickModel"/>
</testsuite> <!-- stage.msiteQuickModel -->
