<?xml version="1.0" encoding="UTF-8"?>
<!-- Generated by org.testng.reporters.JUnitReportReporter -->
<testsuite skipped="0" hostname="chaithanya-thinkpad-x1-carbon-3rd" name="stage.mobilerecharge" tests="1" failures="0" timestamp="31 Aug 2019 06:46:58 GMT" time="5.183" errors="0">
  <testcase name="rechargelink" time="5.183" classname="stage.mobilerecharge"/>
</testsuite> <!-- stage.mobilerecharge -->
