<?xml version="1.0" encoding="UTF-8"?>
<!-- Generated by org.testng.reporters.JUnitReportReporter -->
<testsuite skipped="0" hostname="chaithanya-thinkpad-x1-carbon-3rd" name="stage.cartModel" tests="7" failures="0" timestamp="22 Aug 2019 09:51:39 GMT" time="41.612" errors="0">
  <testcase name="setLocation" time="4.780" classname="stage.cartModel"/>
  <testcase name="searchBeautyServices" time="6.802" classname="stage.cartModel"/>
  <testcase name="intermediateScreen" time="14.870" classname="stage.cartModel"/>
  <testcase name="requirementScreen" time="7.902" classname="stage.cartModel"/>
  <testcase name="vendorlistScreen" time="1.421" classname="stage.cartModel"/>
  <testcase name="selectionOfMenu" time="5.554" classname="stage.cartModel"/>
  <testcase name="orderreview" time="0.283" classname="stage.cartModel"/>
</testsuite> <!-- stage.cartModel -->
