<?xml version="1.0" encoding="UTF-8"?>
<!-- Generated by org.testng.reporters.JUnitReportReporter -->
<testsuite skipped="0" hostname="chaithanya-thinkpad-x1-carbon-3rd" name="stage.mobilerecharge" tests="1" failures="0" timestamp="03 Sep 2019 11:32:46 GMT" time="7.732" errors="0">
  <testcase name="rechargelink" time="7.732" classname="stage.mobilerecharge"/>
</testsuite> <!-- stage.mobilerecharge -->
