<?xml version="1.0" encoding="UTF-8"?>
<!-- Generated by org.testng.reporters.JUnitReportReporter -->
<testsuite skipped="0" hostname="chaithanya-ThinkPad-X220" name="stage.productModel" tests="1" failures="0" timestamp="28 Jun 2019 04:43:19 GMT" time="5.074" errors="0">
  <testcase name="setLocation" time="5.074" classname="stage.productModel"/>
</testsuite> <!-- stage.productModel -->
