<?xml version="1.0" encoding="UTF-8"?>
<!-- Generated by org.testng.reporters.JUnitReportReporter -->
<testsuite skipped="0" hostname="chaithanya-ThinkPad-X220" name="stage.packageModel" tests="1" failures="0" timestamp="28 Jun 2019 04:43:19 GMT" time="4.898" errors="0">
  <testcase name="setLocation" time="4.898" classname="stage.packageModel"/>
</testsuite> <!-- stage.packageModel -->
