<?xml version="1.0" encoding="UTF-8"?>
<!-- Generated by org.testng.reporters.JUnitReportReporter -->
<testsuite skipped="0" hostname="chaithanya-ThinkPad-X220" name="stage.msiteProductModel" tests="1" failures="0" timestamp="29 Jun 2019 11:55:17 GMT" time="6.343" errors="0">
  <testcase name="setLocation" time="6.343" classname="stage.msiteProductModel"/>
</testsuite> <!-- stage.msiteProductModel -->
