<?xml version="1.0" encoding="UTF-8"?>
<!-- Generated by org.testng.reporters.JUnitReportReporter -->
<testsuite skipped="0" hostname="chaithanya-ThinkPad-X220" name="stage.contactModel" tests="1" failures="0" timestamp="24 Jun 2019 07:13:18 GMT" time="4.858" errors="0">
  <testcase name="setLocation" time="4.858" classname="stage.contactModel"/>
</testsuite> <!-- stage.contactModel -->
