<?xml version="1.0" encoding="UTF-8"?>
<!-- Generated by org.testng.reporters.JUnitReportReporter -->
<testsuite skipped="0" hostname="chaithanya-ThinkPad-X220" name="stage.msitePackageModel" tests="1" failures="0" timestamp="28 Jun 2019 04:43:19 GMT" time="6.033" errors="0">
  <testcase name="setLocation" time="6.033" classname="stage.msitePackageModel"/>
</testsuite> <!-- stage.msitePackageModel -->
