<?xml version="1.0" encoding="UTF-8"?>
<!-- Generated by org.testng.reporters.JUnitReportReporter -->
<testsuite skipped="0" hostname="chaithanya-ThinkPad-X220" name="stage.packageModel" tests="1" failures="0" timestamp="19 Jun 2019 08:17:49 GMT" time="4.114" errors="0">
  <testcase name="setLocation" time="4.114" classname="stage.packageModel"/>
</testsuite> <!-- stage.packageModel -->
