<?xml version="1.0" encoding="UTF-8"?>
<!-- Generated by org.testng.reporters.JUnitReportReporter -->
<testsuite skipped="0" hostname="chaithanya-ThinkPad-X220" name="stage.msiteCartModel" tests="1" failures="0" timestamp="28 Jun 2019 04:43:19 GMT" time="6.326" errors="0">
  <testcase name="setLocation" time="6.326" classname="stage.msiteCartModel"/>
</testsuite> <!-- stage.msiteCartModel -->
