<?xml version="1.0" encoding="UTF-8"?>
<!-- Generated by org.testng.reporters.JUnitReportReporter -->
<testsuite skipped="0" hostname="chaithanya-ThinkPad-X220" name="stage.msiteContactModel" tests="1" failures="0" timestamp="27 Jun 2019 12:28:36 GMT" time="5.831" errors="0">
  <testcase name="setLocation" time="5.831" classname="stage.msiteContactModel"/>
</testsuite> <!-- stage.msiteContactModel -->
