<?xml version="1.0" encoding="UTF-8"?>
<!-- Generated by org.testng.reporters.JUnitReportReporter -->
<testsuite skipped="0" hostname="chaithanya-ThinkPad-X220" name="stage.packageModel" tests="1" failures="0" timestamp="27 Jun 2019 12:28:36 GMT" time="5.230" errors="0">
  <testcase name="setLocation" time="5.230" classname="stage.packageModel"/>
</testsuite> <!-- stage.packageModel -->
