<?xml version="1.0" encoding="UTF-8"?>
<!-- Generated by org.testng.reporters.JUnitReportReporter -->
<testsuite skipped="0" hostname="chaithanya-ThinkPad-X220" name="stage.productModel" tests="1" failures="0" timestamp="22 Jun 2019 11:51:53 GMT" time="5.130" errors="0">
  <testcase name="setLocation" time="5.130" classname="stage.productModel"/>
</testsuite> <!-- stage.productModel -->
