<?xml version="1.0" encoding="UTF-8"?>
<!-- Generated by org.testng.reporters.JUnitReportReporter -->
<testsuite skipped="0" hostname="chaithanya-ThinkPad-X220" name="stage.NewTest" tests="1" failures="0" timestamp="28 Jun 2019 04:43:19 GMT" time="5.570" errors="0">
  <testcase name="set_location" time="5.570" classname="stage.NewTest"/>
</testsuite> <!-- stage.NewTest -->
