<?xml version="1.0" encoding="UTF-8"?>
<!-- Generated by org.testng.reporters.JUnitReportReporter -->
<testsuite skipped="0" hostname="chaithanya-ThinkPad-X220" name="stage.productModel" tests="1" failures="0" timestamp="24 Jun 2019 07:13:18 GMT" time="4.822" errors="0">
  <testcase name="setLocation" time="4.822" classname="stage.productModel"/>
</testsuite> <!-- stage.productModel -->
