<?xml version="1.0" encoding="UTF-8"?>
<!-- Generated by org.testng.reporters.JUnitReportReporter -->
<testsuite skipped="0" hostname="chaithanya-ThinkPad-X220" name="stage.NewTest" tests="1" failures="0" timestamp="27 Jun 2019 12:28:36 GMT" time="4.256" errors="0">
  <testcase name="set_location" time="4.256" classname="stage.NewTest"/>
</testsuite> <!-- stage.NewTest -->
