<?xml version="1.0" encoding="UTF-8"?>
<!-- Generated by org.testng.reporters.JUnitReportReporter -->
<testsuite skipped="0" hostname="chaithanya-ThinkPad-X220" name="stage.packageModel" tests="1" failures="0" timestamp="22 Jun 2019 11:51:53 GMT" time="4.887" errors="0">
  <testcase name="setLocation" time="4.887" classname="stage.packageModel"/>
</testsuite> <!-- stage.packageModel -->
